# JRE version: OpenJDK Runtime Environment Temurin-21.0.10+7 (21.0.10+7) (build 21.0.10+7-LTS)
# Java VM: OpenJDK 64-Bit Server VM Temurin-21.0.10+7 (21.0.10+7-LTS, mixed mode, sharing, tiered, compressed oops, compressed class ptrs, g1 gc, windows-amd64)
GC Precious Log:
 CardTable entry size: 512
 Card Set container configuration: InlinePtr #cards 5 size 8 Array Of Cards #cards 12 size 40 Howl #buckets 4 coarsen threshold 1843 Howl Bitmap #cards 512 size 80 coarsen threshold 460 Card regions per heap region 1 cards per card region 2048
 CPUs: 8 total, 8 available
 Memory: 16227M
 Large Page Support: Disabled
 NUMA Support: Disabled
 Compressed Oops: Enabled (32-bit)
 Heap Region Size: 1M
 Heap Min Capacity: 8M
 Heap Initial Capacity: 254M
 Heap Max Capacity: 2G
 Pre-touch: Disabled
 Parallel Workers: 8
 Concurrent Workers: 2
 Concurrent Refinement Workers: 8
 Periodic GC: Disabled
Heap:
 garbage-first heap   total 116736K, used 72265K [0x0000000080000000, 0x0000000100000000)
  region size 1024K, 8 young (8192K), 5 survivors (5120K)
 Metaspace       used 81383K, committed 83648K, reserved 557056K
  class space    used 11697K, committed 12800K, reserved 425984K
GC Heap History (20 events):
Event: 46.858 GC heap before
{Heap before GC invocations=22 (full 0):
 garbage-first heap   total 92160K, used 83669K [0x0000000080000000, 0x0000000100000000)
  region size 1024K, 31 young (31744K), 2 survivors (2048K)
 Metaspace       used 67221K, committed 69312K, reserved 491520K
  class space    used 9757K, committed 10816K, reserved 425984K
}
Event: 46.864 GC heap after
{Heap after GC invocations=23 (full 0):
 garbage-first heap   total 92160K, used 55989K [0x0000000080000000, 0x0000000100000000)
  region size 1024K, 4 young (4096K), 4 survivors (4096K)
 Metaspace       used 67221K, committed 69312K, reserved 491520K
  class space    used 9757K, committed 10816K, reserved 425984K
}
Event: 48.646 GC heap before
{Heap before GC invocations=23 (full 0):
 garbage-first heap   total 92160K, used 84661K [0x0000000080000000, 0x0000000100000000)
  region size 1024K, 32 young (32768K), 4 survivors (4096K)
 Metaspace       used 68847K, committed 70976K, reserved 491520K
  class space    used 9994K, committed 11072K, reserved 425984K
}
Event: 48.655 GC heap after
{Heap after GC invocations=24 (full 0):
 garbage-first heap   total 92160K, used 56754K [0x0000000080000000, 0x0000000100000000)
  region size 1024K, 3 young (3072K), 3 survivors (3072K)
 Metaspace       used 68847K, committed 70976K, reserved 491520K
  class space    used 9994K, committed 11072K, reserved 425984K
}
Event: 52.528 GC heap before
{Heap before GC invocations=25 (full 0):
 garbage-first heap   total 97280K, used 84402K [0x0000000080000000, 0x0000000100000000)
  region size 1024K, 30 young (30720K), 3 survivors (3072K)
 Metaspace       used 69718K, committed 71808K, reserved 491520K
  class space    used 10140K, committed 11200K, reserved 425984K
}
Event: 52.534 GC heap after
{Heap after GC invocations=26 (full 0):
 garbage-first heap   total 97280K, used 60278K [0x0000000080000000, 0x0000000100000000)
  region size 1024K, 4 young (4096K), 4 survivors (4096K)
 Metaspace       used 69718K, committed 71808K, reserved 491520K
  class space    used 10140K, committed 11200K, reserved 425984K
}
Event: 56.841 GC heap before
{Heap before GC invocations=26 (full 0):
 garbage-first heap   total 97280K, used 88950K [0x0000000080000000, 0x0000000100000000)
  region size 1024K, 33 young (33792K), 4 survivors (4096K)
 Metaspace       used 70781K, committed 72960K, reserved 491520K
  class space    used 10257K, committed 11328K, reserved 425984K
}
Event: 56.852 GC heap after
{Heap after GC invocations=27 (full 0):
 garbage-first heap   total 98304K, used 63041K [0x0000000080000000, 0x0000000100000000)
  region size 1024K, 5 young (5120K), 5 survivors (5120K)
 Metaspace       used 70781K, committed 72960K, reserved 491520K
  class space    used 10257K, committed 11328K, reserved 425984K
}
Event: 61.951 GC heap before
{Heap before GC invocations=27 (full 0):
 garbage-first heap   total 98304K, used 89665K [0x0000000080000000, 0x0000000100000000)
  region size 1024K, 31 young (31744K), 5 survivors (5120K)
 Metaspace       used 72109K, committed 74304K, reserved 491520K
  class space    used 10412K, committed 11520K, reserved 425984K
}
Event: 61.959 GC heap after
{Heap after GC invocations=28 (full 0):
 garbage-first heap   total 98304K, used 62960K [0x0000000080000000, 0x0000000100000000)
  region size 1024K, 3 young (3072K), 3 survivors (3072K)
 Metaspace       used 72109K, committed 74304K, reserved 491520K
  class space    used 10412K, committed 11520K, reserved 425984K
}
Event: 65.530 GC heap before
{Heap before GC invocations=29 (full 0):
 garbage-first heap   total 107520K, used 87536K [0x0000000080000000, 0x0000000100000000)
  region size 1024K, 28 young (28672K), 3 survivors (3072K)
 Metaspace       used 74324K, committed 76544K, reserved 491520K
  class space    used 10697K, committed 11776K, reserved 425984K
}
Event: 65.535 GC heap after
{Heap after GC invocations=30 (full 0):
 garbage-first heap   total 107520K, used 63474K [0x0000000080000000, 0x0000000100000000)
  region size 1024K, 3 young (3072K), 3 survivors (3072K)
 Metaspace       used 74324K, committed 76544K, reserved 491520K
  class space    used 10697K, committed 11776K, reserved 425984K
}
Event: 72.016 GC heap before
{Heap before GC invocations=30 (full 0):
 garbage-first heap   total 107520K, used 97266K [0x0000000080000000, 0x0000000100000000)
  region size 1024K, 37 young (37888K), 3 survivors (3072K)
 Metaspace       used 76328K, committed 78464K, reserved 557056K
  class space    used 10979K, committed 12032K, reserved 425984K
}
Event: 72.024 GC heap after
{Heap after GC invocations=31 (full 0):
 garbage-first heap   total 107520K, used 65248K [0x0000000080000000, 0x0000000100000000)
  region size 1024K, 5 young (5120K), 5 survivors (5120K)
 Metaspace       used 76328K, committed 78464K, reserved 557056K
  class space    used 10979K, committed 12032K, reserved 425984K
}
Event: 78.368 GC heap before
{Heap before GC invocations=31 (full 0):
 garbage-first heap   total 107520K, used 96992K [0x0000000080000000, 0x0000000100000000)
  region size 1024K, 37 young (37888K), 5 survivors (5120K)
 Metaspace       used 77989K, committed 80256K, reserved 557056K
  class space    used 11204K, committed 12352K, reserved 425984K
}
Event: 78.377 GC heap after
{Heap after GC invocations=32 (full 0):
 garbage-first heap   total 107520K, used 69150K [0x0000000080000000, 0x0000000100000000)
  region size 1024K, 5 young (5120K), 5 survivors (5120K)
 Metaspace       used 77989K, committed 80256K, reserved 557056K
  class space    used 11204K, committed 12352K, reserved 425984K
}
Event: 81.958 GC heap before
{Heap before GC invocations=33 (full 0):
 garbage-first heap   total 116736K, used 97822K [0x0000000080000000, 0x0000000100000000)
  region size 1024K, 33 young (33792K), 5 survivors (5120K)
 Metaspace       used 78518K, committed 80768K, reserved 557056K
  class space    used 11269K, committed 12416K, reserved 425984K
}
Event: 81.964 GC heap after
{Heap after GC invocations=34 (full 0):
 garbage-first heap   total 116736K, used 68170K [0x0000000080000000, 0x0000000100000000)
  region size 1024K, 2 young (2048K), 2 survivors (2048K)
 Metaspace       used 78518K, committed 80768K, reserved 557056K
  class space    used 11269K, committed 12416K, reserved 425984K
}
Event: 88.140 GC heap before
{Heap before GC invocations=34 (full 0):
 garbage-first heap   total 116736K, used 106058K [0x0000000080000000, 0x0000000100000000)
  region size 1024K, 39 young (39936K), 2 survivors (2048K)
 Metaspace       used 81241K, committed 83584K, reserved 557056K
  class space    used 11666K, committed 12800K, reserved 425984K
}
Event: 88.148 GC heap after
{Heap after GC invocations=35 (full 0):
 garbage-first heap   total 116736K, used 70217K [0x0000000080000000, 0x0000000100000000)
  region size 1024K, 5 young (5120K), 5 survivors (5120K)
 Metaspace       used 81241K, committed 83584K, reserved 557056K
  class space    used 11666K, committed 12800K, reserved 425984K
}

